# JRE version: OpenJDK Runtime Environment (11.0.15) (build 11.0.15+0-b2043.56-9505619)
# Java VM: OpenJDK 64-Bit Server VM (11.0.15+0-b2043.56-9505619, mixed mode, tiered, compressed oops, g1 gc, windows-amd64)
Heap:
 garbage-first heap   total 380928K, used 162816K [0x0000000080000000, 0x0000000100000000)
  region size 1024K, 13 young (13312K), 13 survivors (13312K)
 Metaspace       used 112719K, capacity 115814K, committed 115920K, reserved 1150976K
  class space    used 14191K, capacity 15377K, committed 15436K, reserved 1048576K
GC Heap History (20 events):
Event: 28.032 GC heap after
{Heap after GC invocations=43 (full 0):
 garbage-first heap   total 264192K, used 133566K [0x0000000080000000, 0x0000000100000000)
  region size 1024K, 4 young (4096K), 4 survivors (4096K)
 Metaspace       used 97067K, capacity 99763K, committed 100048K, reserved 1136640K
  class space    used 12254K, capacity 13285K, committed 13388K, reserved 1048576K
}
Event: 28.121 GC heap before
{Heap before GC invocations=43 (full 0):
 garbage-first heap   total 264192K, used 141758K [0x0000000080000000, 0x0000000100000000)
  region size 1024K, 12 young (12288K), 4 survivors (4096K)
 Metaspace       used 97143K, capacity 99827K, committed 100048K, reserved 1136640K
  class space    used 12257K, capacity 13285K, committed 13388K, reserved 1048576K
}
Event: 28.126 GC heap after
{Heap after GC invocations=44 (full 0):
 garbage-first heap   total 264192K, used 108802K [0x0000000080000000, 0x0000000100000000)
  region size 1024K, 2 young (2048K), 2 survivors (2048K)
 Metaspace       used 97143K, capacity 99827K, committed 100048K, reserved 1136640K
  class space    used 12257K, capacity 13285K, committed 13388K, reserved 1048576K
}
Event: 28.411 GC heap before
{Heap before GC invocations=44 (full 0):
 garbage-first heap   total 264192K, used 161026K [0x0000000080000000, 0x0000000100000000)
  region size 1024K, 53 young (54272K), 2 survivors (2048K)
 Metaspace       used 97672K, capacity 100411K, committed 100560K, reserved 1136640K
  class space    used 12299K, capacity 13349K, committed 13388K, reserved 1048576K
}
Event: 28.416 GC heap after
{Heap after GC invocations=45 (full 0):
 garbage-first heap   total 264192K, used 110632K [0x0000000080000000, 0x0000000100000000)
  region size 1024K, 4 young (4096K), 4 survivors (4096K)
 Metaspace       used 97672K, capacity 100411K, committed 100560K, reserved 1136640K
  class space    used 12299K, capacity 13349K, committed 13388K, reserved 1048576K
}
Event: 28.732 GC heap before
{Heap before GC invocations=45 (full 0):
 garbage-first heap   total 264192K, used 165928K [0x0000000080000000, 0x0000000100000000)
  region size 1024K, 59 young (60416K), 4 survivors (4096K)
 Metaspace       used 97757K, capacity 100475K, committed 100560K, reserved 1136640K
  class space    used 12299K, capacity 13349K, committed 13388K, reserved 1048576K
}
Event: 28.737 GC heap after
{Heap after GC invocations=46 (full 0):
 garbage-first heap   total 264192K, used 111402K [0x0000000080000000, 0x0000000100000000)
  region size 1024K, 5 young (5120K), 5 survivors (5120K)
 Metaspace       used 97757K, capacity 100475K, committed 100560K, reserved 1136640K
  class space    used 12299K, capacity 13349K, committed 13388K, reserved 1048576K
}
Event: 29.330 GC heap before
{Heap before GC invocations=46 (full 0):
 garbage-first heap   total 264192K, used 172842K [0x0000000080000000, 0x0000000100000000)
  region size 1024K, 65 young (66560K), 5 survivors (5120K)
 Metaspace       used 98292K, capacity 101020K, committed 101200K, reserved 1136640K
  class space    used 12337K, capacity 13381K, committed 13516K, reserved 1048576K
}
Event: 29.336 GC heap after
{Heap after GC invocations=47 (full 0):
 garbage-first heap   total 264192K, used 112516K [0x0000000080000000, 0x0000000100000000)
  region size 1024K, 6 young (6144K), 6 survivors (6144K)
 Metaspace       used 98292K, capacity 101020K, committed 101200K, reserved 1136640K
  class space    used 12337K, capacity 13381K, committed 13516K, reserved 1048576K
}
Event: 30.124 GC heap before
{Heap before GC invocations=47 (full 0):
 garbage-first heap   total 264192K, used 178052K [0x0000000080000000, 0x0000000100000000)
  region size 1024K, 71 young (72704K), 6 survivors (6144K)
 Metaspace       used 99173K, capacity 101889K, committed 101968K, reserved 1138688K
  class space    used 12422K, capacity 13452K, committed 13516K, reserved 1048576K
}
Event: 30.132 GC heap after
{Heap after GC invocations=48 (full 0):
 garbage-first heap   total 317440K, used 111363K [0x0000000080000000, 0x0000000100000000)
  region size 1024K, 4 young (4096K), 4 survivors (4096K)
 Metaspace       used 99173K, capacity 101889K, committed 101968K, reserved 1138688K
  class space    used 12422K, capacity 13452K, committed 13516K, reserved 1048576K
}
Event: 31.285 GC heap before
{Heap before GC invocations=48 (full 0):
 garbage-first heap   total 317440K, used 207619K [0x0000000080000000, 0x0000000100000000)
  region size 1024K, 99 young (101376K), 4 survivors (4096K)
 Metaspace       used 101560K, capacity 104396K, committed 104528K, reserved 1140736K
  class space    used 12704K, capacity 13761K, committed 13772K, reserved 1048576K
}
Event: 31.299 GC heap after
{Heap after GC invocations=49 (full 0):
 garbage-first heap   total 317440K, used 118242K [0x0000000080000000, 0x0000000100000000)
  region size 1024K, 10 young (10240K), 10 survivors (10240K)
 Metaspace       used 101560K, capacity 104396K, committed 104528K, reserved 1140736K
  class space    used 12704K, capacity 13761K, committed 13772K, reserved 1048576K
}
Event: 32.410 GC heap before
{Heap before GC invocations=49 (full 0):
 garbage-first heap   total 317440K, used 232930K [0x0000000080000000, 0x0000000100000000)
  region size 1024K, 123 young (125952K), 10 survivors (10240K)
 Metaspace       used 106371K, capacity 109228K, committed 109264K, reserved 1144832K
  class space    used 13311K, capacity 14400K, committed 14412K, reserved 1048576K
}
Event: 32.426 GC heap after
{Heap after GC invocations=50 (full 0):
 garbage-first heap   total 317440K, used 123858K [0x0000000080000000, 0x0000000100000000)
  region size 1024K, 13 young (13312K), 13 survivors (13312K)
 Metaspace       used 106371K, capacity 109228K, committed 109264K, reserved 1144832K
  class space    used 13311K, capacity 14400K, committed 14412K, reserved 1048576K
}
Event: 32.980 GC heap before
{Heap before GC invocations=50 (full 0):
 garbage-first heap   total 317440K, used 237522K [0x0000000080000000, 0x0000000100000000)
  region size 1024K, 125 young (128000K), 13 survivors (13312K)
 Metaspace       used 107512K, capacity 110430K, committed 110544K, reserved 1144832K
  class space    used 13451K, capacity 14560K, committed 14668K, reserved 1048576K
}
Event: 33.000 GC heap after
{Heap after GC invocations=51 (full 0):
 garbage-first heap   total 317440K, used 136101K [0x0000000080000000, 0x0000000100000000)
  region size 1024K, 16 young (16384K), 16 survivors (16384K)
 Metaspace       used 107512K, capacity 110430K, committed 110544K, reserved 1144832K
  class space    used 13451K, capacity 14560K, committed 14668K, reserved 1048576K
}
Event: 33.390 GC heap before
{Heap before GC invocations=51 (full 0):
 garbage-first heap   total 317440K, used 242597K [0x0000000080000000, 0x0000000100000000)
  region size 1024K, 121 young (123904K), 16 survivors (16384K)
 Metaspace       used 110603K, capacity 113598K, committed 113744K, reserved 1148928K
  class space    used 13861K, capacity 15007K, committed 15052K, reserved 1048576K
}
Event: 33.411 GC heap after
{Heap after GC invocations=52 (full 0):
 garbage-first heap   total 317440K, used 154297K [0x0000000080000000, 0x0000000100000000)
  region size 1024K, 16 young (16384K), 16 survivors (16384K)
 Metaspace       used 110603K, capacity 113598K, committed 113744K, reserved 1148928K
  class space    used 13861K, capacity 15007K, committed 15052K, reserved 1048576K
}
Event: 33.763 GC heap before
{Heap before GC invocations=52 (full 0):
 garbage-first heap   total 317440K, used 244409K [0x0000000080000000, 0x0000000100000000)
  region size 1024K, 104 young (106496K), 16 survivors (16384K)
 Metaspace       used 112719K, capacity 115814K, committed 115920K, reserved 1150976K
  class space    used 14191K, capacity 15377K, committed 15436K, reserved 1048576K
}

