# JRE version: OpenJDK Runtime Environment (11.0.15) (build 11.0.15+0-b2043.56-9505619)
# Java VM: OpenJDK 64-Bit Server VM (11.0.15+0-b2043.56-9505619, mixed mode, tiered, compressed oops, g1 gc, windows-amd64)
Heap:
 garbage-first heap   total 450560K, used 374421K [0x0000000080000000, 0x0000000100000000)
  region size 1024K, 120 young (122880K), 13 survivors (13312K)
 Metaspace       used 123770K, capacity 127457K, committed 127644K, reserved 1161216K
  class space    used 15410K, capacity 16837K, committed 16876K, reserved 1048576K
GC Heap History (20 events):
Event: 82.784 GC heap before
{Heap before GC invocations=122 (full 0):
 garbage-first heap   total 450560K, used 391263K [0x0000000080000000, 0x0000000100000000)
  region size 1024K, 190 young (194560K), 5 survivors (5120K)
 Metaspace       used 123693K, capacity 127367K, committed 127644K, reserved 1161216K
  class space    used 15404K, capacity 16831K, committed 16876K, reserved 1048576K
}
Event: 82.793 GC heap after
{Heap after GC invocations=123 (full 0):
 garbage-first heap   total 450560K, used 201141K [0x0000000080000000, 0x0000000100000000)
  region size 1024K, 5 young (5120K), 5 survivors (5120K)
 Metaspace       used 123693K, capacity 127367K, committed 127644K, reserved 1161216K
  class space    used 15404K, capacity 16831K, committed 16876K, reserved 1048576K
}
Event: 83.506 GC heap before
{Heap before GC invocations=123 (full 0):
 garbage-first heap   total 450560K, used 388533K [0x0000000080000000, 0x0000000100000000)
  region size 1024K, 189 young (193536K), 5 survivors (5120K)
 Metaspace       used 123716K, capacity 127370K, committed 127644K, reserved 1161216K
  class space    used 15404K, capacity 16831K, committed 16876K, reserved 1048576K
}
Event: 83.520 GC heap after
{Heap after GC invocations=124 (full 0):
 garbage-first heap   total 450560K, used 204212K [0x0000000080000000, 0x0000000100000000)
  region size 1024K, 8 young (8192K), 8 survivors (8192K)
 Metaspace       used 123716K, capacity 127370K, committed 127644K, reserved 1161216K
  class space    used 15404K, capacity 16831K, committed 16876K, reserved 1048576K
}
Event: 84.069 GC heap before
{Heap before GC invocations=124 (full 0):
 garbage-first heap   total 450560K, used 389556K [0x0000000080000000, 0x0000000100000000)
  region size 1024K, 189 young (193536K), 8 survivors (8192K)
 Metaspace       used 123728K, capacity 127381K, committed 127644K, reserved 1161216K
  class space    used 15406K, capacity 16835K, committed 16876K, reserved 1048576K
}
Event: 84.092 GC heap after
{Heap after GC invocations=125 (full 0):
 garbage-first heap   total 450560K, used 218415K [0x0000000080000000, 0x0000000100000000)
  region size 1024K, 22 young (22528K), 22 survivors (22528K)
 Metaspace       used 123728K, capacity 127381K, committed 127644K, reserved 1161216K
  class space    used 15406K, capacity 16835K, committed 16876K, reserved 1048576K
}
Event: 84.707 GC heap before
{Heap before GC invocations=125 (full 0):
 garbage-first heap   total 450560K, used 380207K [0x0000000080000000, 0x0000000100000000)
  region size 1024K, 181 young (185344K), 22 survivors (22528K)
 Metaspace       used 123730K, capacity 127382K, committed 127644K, reserved 1161216K
  class space    used 15407K, capacity 16835K, committed 16876K, reserved 1048576K
}
Event: 84.727 GC heap after
{Heap after GC invocations=126 (full 0):
 garbage-first heap   total 450560K, used 229260K [0x0000000080000000, 0x0000000100000000)
  region size 1024K, 15 young (15360K), 15 survivors (15360K)
 Metaspace       used 123730K, capacity 127382K, committed 127644K, reserved 1161216K
  class space    used 15407K, capacity 16835K, committed 16876K, reserved 1048576K
}
Event: 85.073 GC heap before
{Heap before GC invocations=126 (full 0):
 garbage-first heap   total 450560K, used 376716K [0x0000000080000000, 0x0000000100000000)
  region size 1024K, 159 young (162816K), 15 survivors (15360K)
 Metaspace       used 123735K, capacity 127384K, committed 127644K, reserved 1161216K
  class space    used 15407K, capacity 16835K, committed 16876K, reserved 1048576K
}
Event: 85.085 GC heap after
{Heap after GC invocations=127 (full 0):
 garbage-first heap   total 450560K, used 231424K [0x0000000080000000, 0x0000000100000000)
  region size 1024K, 8 young (8192K), 8 survivors (8192K)
 Metaspace       used 123735K, capacity 127384K, committed 127644K, reserved 1161216K
  class space    used 15407K, capacity 16835K, committed 16876K, reserved 1048576K
}
Event: 85.477 GC heap before
{Heap before GC invocations=127 (full 0):
 garbage-first heap   total 450560K, used 378880K [0x0000000080000000, 0x0000000100000000)
  region size 1024K, 152 young (155648K), 8 survivors (8192K)
 Metaspace       used 123737K, capacity 127384K, committed 127644K, reserved 1161216K
  class space    used 15407K, capacity 16835K, committed 16876K, reserved 1048576K
}
Event: 85.497 GC heap after
{Heap after GC invocations=128 (full 0):
 garbage-first heap   total 450560K, used 240538K [0x0000000080000000, 0x0000000100000000)
  region size 1024K, 17 young (17408K), 17 survivors (17408K)
 Metaspace       used 123737K, capacity 127384K, committed 127644K, reserved 1161216K
  class space    used 15407K, capacity 16835K, committed 16876K, reserved 1048576K
}
Event: 85.829 GC heap before
{Heap before GC invocations=128 (full 0):
 garbage-first heap   total 450560K, used 378778K [0x0000000080000000, 0x0000000100000000)
  region size 1024K, 152 young (155648K), 17 survivors (17408K)
 Metaspace       used 123740K, capacity 127385K, committed 127644K, reserved 1161216K
  class space    used 15407K, capacity 16835K, committed 16876K, reserved 1048576K
}
Event: 85.856 GC heap after
{Heap after GC invocations=129 (full 0):
 garbage-first heap   total 450560K, used 247399K [0x0000000080000000, 0x0000000100000000)
  region size 1024K, 17 young (17408K), 17 survivors (17408K)
 Metaspace       used 123740K, capacity 127385K, committed 127644K, reserved 1161216K
  class space    used 15407K, capacity 16835K, committed 16876K, reserved 1048576K
}
Event: 86.151 GC heap before
{Heap before GC invocations=129 (full 0):
 garbage-first heap   total 450560K, used 379495K [0x0000000080000000, 0x0000000100000000)
  region size 1024K, 146 young (149504K), 17 survivors (17408K)
 Metaspace       used 123745K, capacity 127386K, committed 127644K, reserved 1161216K
  class space    used 15407K, capacity 16835K, committed 16876K, reserved 1048576K
}
Event: 86.175 GC heap after
{Heap after GC invocations=130 (full 0):
 garbage-first heap   total 450560K, used 256000K [0x0000000080000000, 0x0000000100000000)
  region size 1024K, 16 young (16384K), 16 survivors (16384K)
 Metaspace       used 123745K, capacity 127386K, committed 127644K, reserved 1161216K
  class space    used 15407K, capacity 16835K, committed 16876K, reserved 1048576K
}
Event: 86.588 GC heap before
{Heap before GC invocations=130 (full 0):
 garbage-first heap   total 450560K, used 381952K [0x0000000080000000, 0x0000000100000000)
  region size 1024K, 139 young (142336K), 16 survivors (16384K)
 Metaspace       used 123753K, capacity 127451K, committed 127644K, reserved 1161216K
  class space    used 15407K, capacity 16835K, committed 16876K, reserved 1048576K
}
Event: 86.611 GC heap after
{Heap after GC invocations=131 (full 0):
 garbage-first heap   total 450560K, used 256908K [0x0000000080000000, 0x0000000100000000)
  region size 1024K, 3 young (3072K), 3 survivors (3072K)
 Metaspace       used 123753K, capacity 127451K, committed 127644K, reserved 1161216K
  class space    used 15407K, capacity 16835K, committed 16876K, reserved 1048576K
}
Event: 86.926 GC heap before
{Heap before GC invocations=131 (full 0):
 garbage-first heap   total 450560K, used 383884K [0x0000000080000000, 0x0000000100000000)
  region size 1024K, 127 young (130048K), 3 survivors (3072K)
 Metaspace       used 123756K, capacity 127451K, committed 127644K, reserved 1161216K
  class space    used 15407K, capacity 16835K, committed 16876K, reserved 1048576K
}
Event: 86.938 GC heap after
{Heap after GC invocations=132 (full 0):
 garbage-first heap   total 450560K, used 266901K [0x0000000080000000, 0x0000000100000000)
  region size 1024K, 13 young (13312K), 13 survivors (13312K)
 Metaspace       used 123756K, capacity 127451K, committed 127644K, reserved 1161216K
  class space    used 15407K, capacity 16835K, committed 16876K, reserved 1048576K
}

