# JRE version: OpenJDK Runtime Environment (11.0.15) (build 11.0.15+0-b2043.56-9505619)
# Java VM: OpenJDK 64-Bit Server VM (11.0.15+0-b2043.56-9505619, mixed mode, tiered, compressed oops, g1 gc, windows-amd64)
Heap:
 garbage-first heap   total 390144K, used 178688K [0x0000000080000000, 0x0000000100000000)
  region size 1024K, 10 young (10240K), 10 survivors (10240K)
 Metaspace       used 109626K, capacity 113085K, committed 114076K, reserved 1146880K
  class space    used 14156K, capacity 15489K, committed 15896K, reserved 1048576K
GC Heap History (20 events):
Event: 21.692 GC heap after
{Heap after GC invocations=30 (full 0):
 garbage-first heap   total 264192K, used 130031K [0x0000000080000000, 0x0000000100000000)
  region size 1024K, 5 young (5120K), 5 survivors (5120K)
 Metaspace       used 109075K, capacity 112692K, committed 112924K, reserved 1146880K
  class space    used 14251K, capacity 15679K, committed 15768K, reserved 1048576K
}
Event: 22.142 GC heap before
{Heap before GC invocations=30 (full 0):
 garbage-first heap   total 264192K, used 215023K [0x0000000080000000, 0x0000000100000000)
  region size 1024K, 88 young (90112K), 5 survivors (5120K)
 Metaspace       used 109401K, capacity 113050K, committed 113180K, reserved 1146880K
  class space    used 14284K, capacity 15739K, committed 15768K, reserved 1048576K
}
Event: 22.167 GC heap after
{Heap after GC invocations=31 (full 0):
 garbage-first heap   total 264192K, used 130031K [0x0000000080000000, 0x0000000100000000)
  region size 1024K, 5 young (5120K), 5 survivors (5120K)
 Metaspace       used 109401K, capacity 113050K, committed 113180K, reserved 1146880K
  class space    used 14284K, capacity 15739K, committed 15768K, reserved 1048576K
}
Event: 23.010 GC heap before
{Heap before GC invocations=32 (full 0):
 garbage-first heap   total 264192K, used 217071K [0x0000000080000000, 0x0000000100000000)
  region size 1024K, 90 young (92160K), 5 survivors (5120K)
 Metaspace       used 108952K, capacity 112271K, committed 113180K, reserved 1146880K
  class space    used 14121K, capacity 15418K, committed 15768K, reserved 1048576K
}
Event: 23.022 GC heap after
{Heap after GC invocations=33 (full 0):
 garbage-first heap   total 317440K, used 130526K [0x0000000080000000, 0x0000000100000000)
  region size 1024K, 6 young (6144K), 6 survivors (6144K)
 Metaspace       used 108952K, capacity 112271K, committed 113180K, reserved 1146880K
  class space    used 14121K, capacity 15418K, committed 15768K, reserved 1048576K
}
Event: 23.060 GC heap before
{Heap before GC invocations=33 (full 0):
 garbage-first heap   total 317440K, used 139742K [0x0000000080000000, 0x0000000100000000)
  region size 1024K, 15 young (15360K), 6 survivors (6144K)
 Metaspace       used 108966K, capacity 112271K, committed 113180K, reserved 1146880K
  class space    used 14121K, capacity 15418K, committed 15768K, reserved 1048576K
}
Event: 23.067 GC heap after
{Heap after GC invocations=34 (full 0):
 garbage-first heap   total 317440K, used 129490K [0x0000000080000000, 0x0000000100000000)
  region size 1024K, 2 young (2048K), 2 survivors (2048K)
 Metaspace       used 108966K, capacity 112271K, committed 113180K, reserved 1146880K
  class space    used 14121K, capacity 15418K, committed 15768K, reserved 1048576K
}
Event: 23.837 GC heap before
{Heap before GC invocations=34 (full 0):
 garbage-first heap   total 317440K, used 240082K [0x0000000080000000, 0x0000000100000000)
  region size 1024K, 110 young (112640K), 2 survivors (2048K)
 Metaspace       used 109004K, capacity 112277K, committed 113180K, reserved 1146880K
  class space    used 14122K, capacity 15420K, committed 15768K, reserved 1048576K
}
Event: 23.853 GC heap after
{Heap after GC invocations=35 (full 0):
 garbage-first heap   total 317440K, used 129689K [0x0000000080000000, 0x0000000100000000)
  region size 1024K, 2 young (2048K), 2 survivors (2048K)
 Metaspace       used 109004K, capacity 112277K, committed 113180K, reserved 1146880K
  class space    used 14122K, capacity 15420K, committed 15768K, reserved 1048576K
}
Event: 24.649 GC heap before
{Heap before GC invocations=35 (full 0):
 garbage-first heap   total 317440K, used 251545K [0x0000000080000000, 0x0000000100000000)
  region size 1024K, 122 young (124928K), 2 survivors (2048K)
 Metaspace       used 109134K, capacity 112492K, committed 113564K, reserved 1146880K
  class space    used 14143K, capacity 15468K, committed 15896K, reserved 1048576K
}
Event: 24.662 GC heap after
{Heap after GC invocations=36 (full 0):
 garbage-first heap   total 317440K, used 130426K [0x0000000080000000, 0x0000000100000000)
  region size 1024K, 3 young (3072K), 3 survivors (3072K)
 Metaspace       used 109134K, capacity 112492K, committed 113564K, reserved 1146880K
  class space    used 14143K, capacity 15468K, committed 15896K, reserved 1048576K
}
Event: 25.329 GC heap before
{Heap before GC invocations=36 (full 0):
 garbage-first heap   total 317440K, used 257402K [0x0000000080000000, 0x0000000100000000)
  region size 1024K, 127 young (130048K), 3 survivors (3072K)
 Metaspace       used 109500K, capacity 112996K, committed 113820K, reserved 1146880K
  class space    used 14154K, capacity 15487K, committed 15896K, reserved 1048576K
}
Event: 25.337 GC heap after
{Heap after GC invocations=37 (full 0):
 garbage-first heap   total 317440K, used 133563K [0x0000000080000000, 0x0000000100000000)
  region size 1024K, 6 young (6144K), 6 survivors (6144K)
 Metaspace       used 109500K, capacity 112996K, committed 113820K, reserved 1146880K
  class space    used 14154K, capacity 15487K, committed 15896K, reserved 1048576K
}
Event: 25.926 GC heap before
{Heap before GC invocations=37 (full 0):
 garbage-first heap   total 317440K, used 263611K [0x0000000080000000, 0x0000000100000000)
  region size 1024K, 133 young (136192K), 6 survivors (6144K)
 Metaspace       used 109593K, capacity 113079K, committed 114076K, reserved 1146880K
  class space    used 14155K, capacity 15488K, committed 15896K, reserved 1048576K
}
Event: 25.963 GC heap after
{Heap after GC invocations=38 (full 0):
 garbage-first heap   total 317440K, used 146872K [0x0000000080000000, 0x0000000100000000)
  region size 1024K, 17 young (17408K), 17 survivors (17408K)
 Metaspace       used 109593K, capacity 113079K, committed 114076K, reserved 1146880K
  class space    used 14155K, capacity 15488K, committed 15896K, reserved 1048576K
}
Event: 26.419 GC heap before
{Heap before GC invocations=38 (full 0):
 garbage-first heap   total 317440K, used 261560K [0x0000000080000000, 0x0000000100000000)
  region size 1024K, 129 young (132096K), 17 survivors (17408K)
 Metaspace       used 109612K, capacity 113081K, committed 114076K, reserved 1146880K
  class space    used 14155K, capacity 15488K, committed 15896K, reserved 1048576K
}
Event: 26.443 GC heap after
{Heap after GC invocations=39 (full 0):
 garbage-first heap   total 317440K, used 155397K [0x0000000080000000, 0x0000000100000000)
  region size 1024K, 14 young (14336K), 14 survivors (14336K)
 Metaspace       used 109612K, capacity 113081K, committed 114076K, reserved 1146880K
  class space    used 14155K, capacity 15488K, committed 15896K, reserved 1048576K
}
Event: 26.821 GC heap before
{Heap before GC invocations=39 (full 0):
 garbage-first heap   total 317440K, used 257797K [0x0000000080000000, 0x0000000100000000)
  region size 1024K, 115 young (117760K), 14 survivors (14336K)
 Metaspace       used 109618K, capacity 113082K, committed 114076K, reserved 1146880K
  class space    used 14155K, capacity 15488K, committed 15896K, reserved 1048576K
}
Event: 26.851 GC heap after
{Heap after GC invocations=40 (full 0):
 garbage-first heap   total 317440K, used 168875K [0x0000000080000000, 0x0000000100000000)
  region size 1024K, 14 young (14336K), 14 survivors (14336K)
 Metaspace       used 109618K, capacity 113082K, committed 114076K, reserved 1146880K
  class space    used 14155K, capacity 15488K, committed 15896K, reserved 1048576K
}
Event: 27.091 GC heap before
{Heap before GC invocations=40 (full 0):
 garbage-first heap   total 317440K, used 258987K [0x0000000080000000, 0x0000000100000000)
  region size 1024K, 102 young (104448K), 14 survivors (14336K)
 Metaspace       used 109626K, capacity 113085K, committed 114076K, reserved 1146880K
  class space    used 14156K, capacity 15489K, committed 15896K, reserved 1048576K
}

