# JRE version: OpenJDK Runtime Environment (11.0.15) (build 11.0.15+0-b2043.56-9505619)
# Java VM: OpenJDK 64-Bit Server VM (11.0.15+0-b2043.56-9505619, mixed mode, tiered, compressed oops, g1 gc, windows-amd64)
Heap:
 garbage-first heap   total 565248K, used 271259K [0x0000000080000000, 0x0000000100000000)
  region size 1024K, 6 young (6144K), 6 survivors (6144K)
 Metaspace       used 123232K, capacity 127064K, committed 127312K, reserved 1159168K
  class space    used 15795K, capacity 17186K, committed 17312K, reserved 1048576K
GC Heap History (20 events):
Event: 89.474 GC heap after
{Heap after GC invocations=80 (full 0):
 garbage-first heap   total 317440K, used 212392K [0x0000000080000000, 0x0000000100000000)
  region size 1024K, 8 young (8192K), 8 survivors (8192K)
 Metaspace       used 116177K, capacity 119825K, committed 120016K, reserved 1153024K
  class space    used 14821K, capacity 16097K, committed 16160K, reserved 1048576K
}
Event: 89.816 GC heap before
{Heap before GC invocations=80 (full 0):
 garbage-first heap   total 317440K, used 270760K [0x0000000080000000, 0x0000000100000000)
  region size 1024K, 67 young (68608K), 8 survivors (8192K)
 Metaspace       used 116647K, capacity 120253K, committed 120400K, reserved 1153024K
  class space    used 14885K, capacity 16174K, committed 16288K, reserved 1048576K
}
Event: 89.830 GC heap after
{Heap after GC invocations=81 (full 0):
 garbage-first heap   total 317440K, used 221372K [0x0000000080000000, 0x0000000100000000)
  region size 1024K, 9 young (9216K), 9 survivors (9216K)
 Metaspace       used 116647K, capacity 120253K, committed 120400K, reserved 1153024K
  class space    used 14885K, capacity 16174K, committed 16288K, reserved 1048576K
}
Event: 89.963 GC heap before
{Heap before GC invocations=82 (full 0):
 garbage-first heap   total 317440K, used 269500K [0x0000000080000000, 0x0000000100000000)
  region size 1024K, 57 young (58368K), 9 survivors (9216K)
 Metaspace       used 117356K, capacity 120949K, committed 121168K, reserved 1155072K
  class space    used 14988K, capacity 16279K, committed 16288K, reserved 1048576K
}
Event: 89.976 GC heap after
{Heap after GC invocations=83 (full 0):
 garbage-first heap   total 317440K, used 231284K [0x0000000080000000, 0x0000000100000000)
  region size 1024K, 8 young (8192K), 8 survivors (8192K)
 Metaspace       used 117356K, capacity 120949K, committed 121168K, reserved 1155072K
  class space    used 14988K, capacity 16279K, committed 16288K, reserved 1048576K
}
Event: 90.001 GC heap before
{Heap before GC invocations=83 (full 0):
 garbage-first heap   total 317440K, used 238452K [0x0000000080000000, 0x0000000100000000)
  region size 1024K, 15 young (15360K), 8 survivors (8192K)
 Metaspace       used 117547K, capacity 121141K, committed 121168K, reserved 1155072K
  class space    used 15007K, capacity 16279K, committed 16288K, reserved 1048576K
}
Event: 90.006 GC heap after
{Heap after GC invocations=84 (full 0):
 garbage-first heap   total 317440K, used 231352K [0x0000000080000000, 0x0000000100000000)
  region size 1024K, 2 young (2048K), 2 survivors (2048K)
 Metaspace       used 117547K, capacity 121141K, committed 121168K, reserved 1155072K
  class space    used 15007K, capacity 16279K, committed 16288K, reserved 1048576K
}
Event: 90.154 GC heap before
{Heap before GC invocations=84 (full 0):
 garbage-first heap   total 317440K, used 268216K [0x0000000080000000, 0x0000000100000000)
  region size 1024K, 39 young (39936K), 2 survivors (2048K)
 Metaspace       used 118741K, capacity 122488K, committed 122704K, reserved 1155072K
  class space    used 15175K, capacity 16498K, committed 16544K, reserved 1048576K
}
Event: 90.160 GC heap after
{Heap after GC invocations=85 (full 0):
 garbage-first heap   total 317440K, used 237235K [0x0000000080000000, 0x0000000100000000)
  region size 1024K, 5 young (5120K), 5 survivors (5120K)
 Metaspace       used 118741K, capacity 122488K, committed 122704K, reserved 1155072K
  class space    used 15175K, capacity 16498K, committed 16544K, reserved 1048576K
}
Event: 90.584 GC heap before
{Heap before GC invocations=85 (full 0):
 garbage-first heap   total 317440K, used 271027K [0x0000000080000000, 0x0000000100000000)
  region size 1024K, 38 young (38912K), 5 survivors (5120K)
 Metaspace       used 120043K, capacity 123817K, committed 123856K, reserved 1157120K
  class space    used 15330K, capacity 16665K, committed 16672K, reserved 1048576K
}
Event: 90.597 GC heap after
{Heap after GC invocations=86 (full 0):
 garbage-first heap   total 317440K, used 241119K [0x0000000080000000, 0x0000000100000000)
  region size 1024K, 5 young (5120K), 5 survivors (5120K)
 Metaspace       used 120043K, capacity 123817K, committed 123856K, reserved 1157120K
  class space    used 15330K, capacity 16665K, committed 16672K, reserved 1048576K
}
Event: 90.710 GC heap before
{Heap before GC invocations=87 (full 0):
 garbage-first heap   total 317440K, used 270815K [0x0000000080000000, 0x0000000100000000)
  region size 1024K, 35 young (35840K), 5 survivors (5120K)
 Metaspace       used 120157K, capacity 123893K, committed 124112K, reserved 1157120K
  class space    used 15337K, capacity 16667K, committed 16672K, reserved 1048576K
}
Event: 90.730 GC heap after
{Heap after GC invocations=88 (full 0):
 garbage-first heap   total 380928K, used 246784K [0x0000000080000000, 0x0000000100000000)
  region size 1024K, 5 young (5120K), 5 survivors (5120K)
 Metaspace       used 120157K, capacity 123893K, committed 124112K, reserved 1157120K
  class space    used 15337K, capacity 16667K, committed 16672K, reserved 1048576K
}
Event: 90.771 GC heap before
{Heap before GC invocations=88 (full 0):
 garbage-first heap   total 380928K, used 260096K [0x0000000080000000, 0x0000000100000000)
  region size 1024K, 18 young (18432K), 5 survivors (5120K)
 Metaspace       used 120286K, capacity 124027K, committed 124112K, reserved 1157120K
  class space    used 15352K, capacity 16668K, committed 16672K, reserved 1048576K
}
Event: 90.783 GC heap after
{Heap after GC invocations=89 (full 0):
 garbage-first heap   total 380928K, used 249831K [0x0000000080000000, 0x0000000100000000)
  region size 1024K, 3 young (3072K), 3 survivors (3072K)
 Metaspace       used 120286K, capacity 124027K, committed 124112K, reserved 1157120K
  class space    used 15352K, capacity 16668K, committed 16672K, reserved 1048576K
}
Event: 90.970 GC heap before
{Heap before GC invocations=89 (full 0):
 garbage-first heap   total 380928K, used 300007K [0x0000000080000000, 0x0000000100000000)
  region size 1024K, 52 young (53248K), 3 survivors (3072K)
 Metaspace       used 121783K, capacity 125617K, committed 125776K, reserved 1159168K
  class space    used 15583K, capacity 16984K, committed 17056K, reserved 1048576K
}
Event: 90.988 GC heap after
{Heap after GC invocations=90 (full 0):
 garbage-first heap   total 380928K, used 256991K [0x0000000080000000, 0x0000000100000000)
  region size 1024K, 7 young (7168K), 7 survivors (7168K)
 Metaspace       used 121783K, capacity 125617K, committed 125776K, reserved 1159168K
  class space    used 15583K, capacity 16984K, committed 17056K, reserved 1048576K
}
Event: 91.146 GC heap before
{Heap before GC invocations=90 (full 0):
 garbage-first heap   total 380928K, used 306143K [0x0000000080000000, 0x0000000100000000)
  region size 1024K, 55 young (56320K), 7 survivors (7168K)
 Metaspace       used 122457K, capacity 126256K, committed 126416K, reserved 1159168K
  class space    used 15700K, capacity 17088K, committed 17184K, reserved 1048576K
}
Event: 91.169 GC heap after
{Heap after GC invocations=91 (full 0):
 garbage-first heap   total 380928K, used 264641K [0x0000000080000000, 0x0000000100000000)
  region size 1024K, 7 young (7168K), 7 survivors (7168K)
 Metaspace       used 122457K, capacity 126256K, committed 126416K, reserved 1159168K
  class space    used 15700K, capacity 17088K, committed 17184K, reserved 1048576K
}
Event: 91.258 GC heap before
{Heap before GC invocations=91 (full 0):
 garbage-first heap   total 380928K, used 310721K [0x0000000080000000, 0x0000000100000000)
  region size 1024K, 53 young (54272K), 7 survivors (7168K)
 Metaspace       used 123232K, capacity 127064K, committed 127312K, reserved 1159168K
  class space    used 15795K, capacity 17186K, committed 17312K, reserved 1048576K
}

