# JRE version: OpenJDK Runtime Environment (11.0.15) (build 11.0.15+0-b2043.56-9505619)
# Java VM: OpenJDK 64-Bit Server VM (11.0.15+0-b2043.56-9505619, mixed mode, tiered, compressed oops, g1 gc, windows-amd64)
Heap:
 garbage-first heap   total 492544K, used 315885K [0x0000000080000000, 0x0000000100000000)
  region size 1024K, 4 young (4096K), 4 survivors (4096K)
 Metaspace       used 136626K, capacity 141204K, committed 141608K, reserved 1173504K
  class space    used 16868K, capacity 18427K, committed 18552K, reserved 1048576K
GC Heap History (20 events):
Event: 1335.974 GC heap after
{Heap after GC invocations=96 (full 0):
 garbage-first heap   total 317440K, used 273951K [0x0000000080000000, 0x0000000100000000)
  region size 1024K, 2 young (2048K), 2 survivors (2048K)
 Metaspace       used 133158K, capacity 137652K, committed 137896K, reserved 1169408K
  class space    used 16598K, capacity 18142K, committed 18168K, reserved 1048576K
}
Event: 1336.287 GC heap before
{Heap before GC invocations=96 (full 0):
 garbage-first heap   total 317440K, used 286239K [0x0000000080000000, 0x0000000100000000)
  region size 1024K, 15 young (15360K), 2 survivors (2048K)
 Metaspace       used 133169K, capacity 137652K, committed 137896K, reserved 1169408K
  class space    used 16598K, capacity 18142K, committed 18168K, reserved 1048576K
}
Event: 1336.312 GC heap after
{Heap after GC invocations=97 (full 0):
 garbage-first heap   total 317440K, used 274282K [0x0000000080000000, 0x0000000100000000)
  region size 1024K, 2 young (2048K), 2 survivors (2048K)
 Metaspace       used 133169K, capacity 137652K, committed 137896K, reserved 1169408K
  class space    used 16598K, capacity 18142K, committed 18168K, reserved 1048576K
}
Event: 1336.619 GC heap before
{Heap before GC invocations=97 (full 0):
 garbage-first heap   total 317440K, used 287594K [0x0000000080000000, 0x0000000100000000)
  region size 1024K, 15 young (15360K), 2 survivors (2048K)
 Metaspace       used 133178K, capacity 137652K, committed 137896K, reserved 1169408K
  class space    used 16598K, capacity 18142K, committed 18168K, reserved 1048576K
}
Event: 1336.640 GC heap after
{Heap after GC invocations=98 (full 0):
 garbage-first heap   total 317440K, used 278120K [0x0000000080000000, 0x0000000100000000)
  region size 1024K, 2 young (2048K), 2 survivors (2048K)
 Metaspace       used 133178K, capacity 137652K, committed 137896K, reserved 1169408K
  class space    used 16598K, capacity 18142K, committed 18168K, reserved 1048576K
}
Event: 1337.021 GC heap before
{Heap before GC invocations=98 (full 0):
 garbage-first heap   total 317440K, used 291432K [0x0000000080000000, 0x0000000100000000)
  region size 1024K, 15 young (15360K), 2 survivors (2048K)
 Metaspace       used 133217K, capacity 137716K, committed 137896K, reserved 1169408K
  class space    used 16598K, capacity 18142K, committed 18168K, reserved 1048576K
}
Event: 1337.038 GC heap after
{Heap after GC invocations=99 (full 0):
 garbage-first heap   total 317440K, used 281600K [0x0000000080000000, 0x0000000100000000)
  region size 1024K, 2 young (2048K), 2 survivors (2048K)
 Metaspace       used 133217K, capacity 137716K, committed 137896K, reserved 1169408K
  class space    used 16598K, capacity 18142K, committed 18168K, reserved 1048576K
}
Event: 1337.398 GC heap before
{Heap before GC invocations=99 (full 0):
 garbage-first heap   total 317440K, used 291840K [0x0000000080000000, 0x0000000100000000)
  region size 1024K, 15 young (15360K), 2 survivors (2048K)
 Metaspace       used 133286K, capacity 137720K, committed 137896K, reserved 1169408K
  class space    used 16604K, capacity 18143K, committed 18168K, reserved 1048576K
}
Event: 1337.413 GC heap after
{Heap after GC invocations=100 (full 0):
 garbage-first heap   total 317440K, used 281049K [0x0000000080000000, 0x0000000100000000)
  region size 1024K, 2 young (2048K), 2 survivors (2048K)
 Metaspace       used 133286K, capacity 137720K, committed 137896K, reserved 1169408K
  class space    used 16604K, capacity 18143K, committed 18168K, reserved 1048576K
}
Event: 1337.700 GC heap before
{Heap before GC invocations=101 (full 0):
 garbage-first heap   total 317440K, used 294361K [0x0000000080000000, 0x0000000100000000)
  region size 1024K, 15 young (15360K), 2 survivors (2048K)
 Metaspace       used 133291K, capacity 137784K, committed 137896K, reserved 1169408K
  class space    used 16604K, capacity 18143K, committed 18168K, reserved 1048576K
}
Event: 1337.712 GC heap after
{Heap after GC invocations=102 (full 0):
 garbage-first heap   total 424960K, used 281319K [0x0000000080000000, 0x0000000100000000)
  region size 1024K, 1 young (1024K), 1 survivors (1024K)
 Metaspace       used 133291K, capacity 137784K, committed 137896K, reserved 1169408K
  class space    used 16604K, capacity 18143K, committed 18168K, reserved 1048576K
}
Event: 1338.195 GC heap before
{Heap before GC invocations=102 (full 0):
 garbage-first heap   total 424960K, used 316135K [0x0000000080000000, 0x0000000100000000)
  region size 1024K, 20 young (20480K), 1 survivors (1024K)
 Metaspace       used 133331K, capacity 137849K, committed 137896K, reserved 1169408K
  class space    used 16604K, capacity 18143K, committed 18168K, reserved 1048576K
}
Event: 1338.214 GC heap after
{Heap after GC invocations=103 (full 0):
 garbage-first heap   total 424960K, used 298882K [0x0000000080000000, 0x0000000100000000)
  region size 1024K, 3 young (3072K), 3 survivors (3072K)
 Metaspace       used 133331K, capacity 137849K, committed 137896K, reserved 1169408K
  class space    used 16604K, capacity 18143K, committed 18168K, reserved 1048576K
}
Event: 1338.237 GC heap before
{Heap before GC invocations=103 (full 0):
 garbage-first heap   total 424960K, used 298882K [0x0000000080000000, 0x0000000100000000)
  region size 1024K, 4 young (4096K), 3 survivors (3072K)
 Metaspace       used 133331K, capacity 137849K, committed 137896K, reserved 1169408K
  class space    used 16604K, capacity 18143K, committed 18168K, reserved 1048576K
}
Event: 1338.249 GC heap after
{Heap after GC invocations=104 (full 0):
 garbage-first heap   total 424960K, used 299505K [0x0000000080000000, 0x0000000100000000)
  region size 1024K, 1 young (1024K), 1 survivors (1024K)
 Metaspace       used 133331K, capacity 137849K, committed 137896K, reserved 1169408K
  class space    used 16604K, capacity 18143K, committed 18168K, reserved 1048576K
}
Event: 1338.565 GC heap before
{Heap before GC invocations=104 (full 0):
 garbage-first heap   total 424960K, used 344561K [0x0000000080000000, 0x0000000100000000)
  region size 1024K, 31 young (31744K), 1 survivors (1024K)
 Metaspace       used 133621K, capacity 138151K, committed 138280K, reserved 1169408K
  class space    used 16626K, capacity 18189K, committed 18296K, reserved 1048576K
}
Event: 1338.571 GC heap after
{Heap after GC invocations=105 (full 0):
 garbage-first heap   total 424960K, used 304487K [0x0000000080000000, 0x0000000100000000)
  region size 1024K, 4 young (4096K), 4 survivors (4096K)
 Metaspace       used 133621K, capacity 138151K, committed 138280K, reserved 1169408K
  class space    used 16626K, capacity 18189K, committed 18296K, reserved 1048576K
}
Event: 1338.819 GC heap before
{Heap before GC invocations=105 (full 0):
 garbage-first heap   total 424960K, used 335207K [0x0000000080000000, 0x0000000100000000)
  region size 1024K, 35 young (35840K), 4 survivors (4096K)
 Metaspace       used 133753K, capacity 138290K, committed 138536K, reserved 1169408K
  class space    used 16636K, capacity 18191K, committed 18296K, reserved 1048576K
}
Event: 1338.834 GC heap after
{Heap after GC invocations=106 (full 0):
 garbage-first heap   total 424960K, used 311585K [0x0000000080000000, 0x0000000100000000)
  region size 1024K, 5 young (5120K), 5 survivors (5120K)
 Metaspace       used 133753K, capacity 138290K, committed 138536K, reserved 1169408K
  class space    used 16636K, capacity 18191K, committed 18296K, reserved 1048576K
}
Event: 1339.571 GC heap before
{Heap before GC invocations=107 (full 0):
 garbage-first heap   total 424960K, used 342305K [0x0000000080000000, 0x0000000100000000)
  region size 1024K, 36 young (36864K), 5 survivors (5120K)
 Metaspace       used 136626K, capacity 141204K, committed 141608K, reserved 1173504K
  class space    used 16868K, capacity 18427K, committed 18552K, reserved 1048576K
}

