# JRE version: OpenJDK Runtime Environment (11.0.15) (build 11.0.15+0-b2043.56-9505619)
# Java VM: OpenJDK 64-Bit Server VM (11.0.15+0-b2043.56-9505619, mixed mode, tiered, compressed oops, g1 gc, windows-amd64)
Heap:
 garbage-first heap   total 450560K, used 198880K [0x0000000080000000, 0x0000000100000000)
  region size 1024K, 12 young (12288K), 12 survivors (12288K)
 Metaspace       used 123138K, capacity 126864K, committed 126888K, reserved 1159168K
  class space    used 15450K, capacity 16928K, committed 16932K, reserved 1048576K
GC Heap History (20 events):
Event: 41.302 GC heap after
{Heap after GC invocations=70 (full 0):
 garbage-first heap   total 380928K, used 170193K [0x0000000080000000, 0x0000000100000000)
  region size 1024K, 11 young (11264K), 11 survivors (11264K)
 Metaspace       used 122980K, capacity 126761K, committed 126888K, reserved 1159168K
  class space    used 15445K, capacity 16920K, committed 16932K, reserved 1048576K
}
Event: 41.647 GC heap before
{Heap before GC invocations=70 (full 0):
 garbage-first heap   total 380928K, used 324817K [0x0000000080000000, 0x0000000100000000)
  region size 1024K, 162 young (165888K), 11 survivors (11264K)
 Metaspace       used 122985K, capacity 126761K, committed 126888K, reserved 1159168K
  class space    used 15445K, capacity 16920K, committed 16932K, reserved 1048576K
}
Event: 41.657 GC heap after
{Heap after GC invocations=71 (full 0):
 garbage-first heap   total 380928K, used 170695K [0x0000000080000000, 0x0000000100000000)
  region size 1024K, 11 young (11264K), 11 survivors (11264K)
 Metaspace       used 122985K, capacity 126761K, committed 126888K, reserved 1159168K
  class space    used 15445K, capacity 16920K, committed 16932K, reserved 1048576K
}
Event: 42.187 GC heap before
{Heap before GC invocations=71 (full 0):
 garbage-first heap   total 380928K, used 329415K [0x0000000080000000, 0x0000000100000000)
  region size 1024K, 165 young (168960K), 11 survivors (11264K)
 Metaspace       used 122992K, capacity 126761K, committed 126888K, reserved 1159168K
  class space    used 15445K, capacity 16920K, committed 16932K, reserved 1048576K
}
Event: 42.205 GC heap after
{Heap after GC invocations=72 (full 0):
 garbage-first heap   total 380928K, used 170232K [0x0000000080000000, 0x0000000100000000)
  region size 1024K, 11 young (11264K), 11 survivors (11264K)
 Metaspace       used 122992K, capacity 126761K, committed 126888K, reserved 1159168K
  class space    used 15445K, capacity 16920K, committed 16932K, reserved 1048576K
}
Event: 42.964 GC heap before
{Heap before GC invocations=72 (full 0):
 garbage-first heap   total 380928K, used 328952K [0x0000000080000000, 0x0000000100000000)
  region size 1024K, 166 young (169984K), 11 survivors (11264K)
 Metaspace       used 123006K, capacity 126764K, committed 126888K, reserved 1159168K
  class space    used 15446K, capacity 16921K, committed 16932K, reserved 1048576K
}
Event: 42.978 GC heap after
{Heap after GC invocations=73 (full 0):
 garbage-first heap   total 380928K, used 170721K [0x0000000080000000, 0x0000000100000000)
  region size 1024K, 11 young (11264K), 11 survivors (11264K)
 Metaspace       used 123006K, capacity 126764K, committed 126888K, reserved 1159168K
  class space    used 15446K, capacity 16921K, committed 16932K, reserved 1048576K
}
Event: 43.626 GC heap before
{Heap before GC invocations=73 (full 0):
 garbage-first heap   total 380928K, used 330465K [0x0000000080000000, 0x0000000100000000)
  region size 1024K, 167 young (171008K), 11 survivors (11264K)
 Metaspace       used 123012K, capacity 126765K, committed 126888K, reserved 1159168K
  class space    used 15446K, capacity 16921K, committed 16932K, reserved 1048576K
}
Event: 43.640 GC heap after
{Heap after GC invocations=74 (full 0):
 garbage-first heap   total 380928K, used 171768K [0x0000000080000000, 0x0000000100000000)
  region size 1024K, 12 young (12288K), 12 survivors (12288K)
 Metaspace       used 123012K, capacity 126765K, committed 126888K, reserved 1159168K
  class space    used 15446K, capacity 16921K, committed 16932K, reserved 1048576K
}
Event: 44.313 GC heap before
{Heap before GC invocations=74 (full 0):
 garbage-first heap   total 380928K, used 329464K [0x0000000080000000, 0x0000000100000000)
  region size 1024K, 166 young (169984K), 12 survivors (12288K)
 Metaspace       used 123019K, capacity 126766K, committed 126888K, reserved 1159168K
  class space    used 15446K, capacity 16921K, committed 16932K, reserved 1048576K
}
Event: 44.329 GC heap after
{Heap after GC invocations=75 (full 0):
 garbage-first heap   total 380928K, used 172414K [0x0000000080000000, 0x0000000100000000)
  region size 1024K, 5 young (5120K), 5 survivors (5120K)
 Metaspace       used 123019K, capacity 126766K, committed 126888K, reserved 1159168K
  class space    used 15446K, capacity 16921K, committed 16932K, reserved 1048576K
}
Event: 45.118 GC heap before
{Heap before GC invocations=75 (full 0):
 garbage-first heap   total 380928K, used 335230K [0x0000000080000000, 0x0000000100000000)
  region size 1024K, 162 young (165888K), 5 survivors (5120K)
 Metaspace       used 123079K, capacity 126843K, committed 126888K, reserved 1159168K
  class space    used 15446K, capacity 16922K, committed 16932K, reserved 1048576K
}
Event: 45.127 GC heap after
{Heap after GC invocations=76 (full 0):
 garbage-first heap   total 380928K, used 172926K [0x0000000080000000, 0x0000000100000000)
  region size 1024K, 5 young (5120K), 5 survivors (5120K)
 Metaspace       used 123079K, capacity 126843K, committed 126888K, reserved 1159168K
  class space    used 15446K, capacity 16922K, committed 16932K, reserved 1048576K
}
Event: 45.486 GC heap before
{Heap before GC invocations=76 (full 0):
 garbage-first heap   total 380928K, used 332670K [0x0000000080000000, 0x0000000100000000)
  region size 1024K, 161 young (164864K), 5 survivors (5120K)
 Metaspace       used 123093K, capacity 126849K, committed 126888K, reserved 1159168K
  class space    used 15448K, capacity 16924K, committed 16932K, reserved 1048576K
}
Event: 45.495 GC heap after
{Heap after GC invocations=77 (full 0):
 garbage-first heap   total 380928K, used 172605K [0x0000000080000000, 0x0000000100000000)
  region size 1024K, 5 young (5120K), 5 survivors (5120K)
 Metaspace       used 123093K, capacity 126849K, committed 126888K, reserved 1159168K
  class space    used 15448K, capacity 16924K, committed 16932K, reserved 1048576K
}
Event: 45.879 GC heap before
{Heap before GC invocations=77 (full 0):
 garbage-first heap   total 380928K, used 331325K [0x0000000080000000, 0x0000000100000000)
  region size 1024K, 160 young (163840K), 5 survivors (5120K)
 Metaspace       used 123121K, capacity 126851K, committed 126888K, reserved 1159168K
  class space    used 15448K, capacity 16924K, committed 16932K, reserved 1048576K
}
Event: 45.889 GC heap after
{Heap after GC invocations=78 (full 0):
 garbage-first heap   total 380928K, used 176260K [0x0000000080000000, 0x0000000100000000)
  region size 1024K, 9 young (9216K), 9 survivors (9216K)
 Metaspace       used 123121K, capacity 126851K, committed 126888K, reserved 1159168K
  class space    used 15448K, capacity 16924K, committed 16932K, reserved 1048576K
}
Event: 46.191 GC heap before
{Heap before GC invocations=78 (full 0):
 garbage-first heap   total 380928K, used 328836K [0x0000000080000000, 0x0000000100000000)
  region size 1024K, 158 young (161792K), 9 survivors (9216K)
 Metaspace       used 123135K, capacity 126864K, committed 126888K, reserved 1159168K
  class space    used 15450K, capacity 16928K, committed 16932K, reserved 1048576K
}
Event: 46.213 GC heap after
{Heap after GC invocations=79 (full 0):
 garbage-first heap   total 380928K, used 191698K [0x0000000080000000, 0x0000000100000000)
  region size 1024K, 20 young (20480K), 20 survivors (20480K)
 Metaspace       used 123135K, capacity 126864K, committed 126888K, reserved 1159168K
  class space    used 15450K, capacity 16928K, committed 16932K, reserved 1048576K
}
Event: 46.425 GC heap before
{Heap before GC invocations=79 (full 0):
 garbage-first heap   total 380928K, used 318674K [0x0000000080000000, 0x0000000100000000)
  region size 1024K, 144 young (147456K), 20 survivors (20480K)
 Metaspace       used 123138K, capacity 126864K, committed 126888K, reserved 1159168K
  class space    used 15450K, capacity 16928K, committed 16932K, reserved 1048576K
}

