# JRE version: OpenJDK Runtime Environment (11.0.15) (build 11.0.15+0-b2043.56-9505619)
# Java VM: OpenJDK 64-Bit Server VM (11.0.15+0-b2043.56-9505619, mixed mode, tiered, compressed oops, g1 gc, windows-amd64)
Heap:
 garbage-first heap   total 394240K, used 273587K [0x0000000080000000, 0x0000000100000000)
  region size 1024K, 31 young (31744K), 8 survivors (8192K)
 Metaspace       used 127058K, capacity 131315K, committed 131408K, reserved 1163264K
  class space    used 16216K, capacity 17789K, committed 17824K, reserved 1048576K
GC Heap History (20 events):
Event: 32.575 GC heap before
{Heap before GC invocations=70 (full 0):
 garbage-first heap   total 317440K, used 272297K [0x0000000080000000, 0x0000000100000000)
  region size 1024K, 38 young (38912K), 2 survivors (2048K)
 Metaspace       used 126162K, capacity 130207K, committed 130512K, reserved 1163264K
  class space    used 16110K, capacity 17618K, committed 17696K, reserved 1048576K
}
Event: 32.582 GC heap after
{Heap after GC invocations=71 (full 0):
 garbage-first heap   total 317440K, used 237319K [0x0000000080000000, 0x0000000100000000)
  region size 1024K, 3 young (3072K), 3 survivors (3072K)
 Metaspace       used 126162K, capacity 130207K, committed 130512K, reserved 1163264K
  class space    used 16110K, capacity 17618K, committed 17696K, reserved 1048576K
}
Event: 32.834 GC heap before
{Heap before GC invocations=71 (full 0):
 garbage-first heap   total 317440K, used 274183K [0x0000000080000000, 0x0000000100000000)
  region size 1024K, 40 young (40960K), 3 survivors (3072K)
 Metaspace       used 126238K, capacity 130291K, committed 130512K, reserved 1163264K
  class space    used 16119K, capacity 17624K, committed 17696K, reserved 1048576K
}
Event: 32.841 GC heap after
{Heap after GC invocations=72 (full 0):
 garbage-first heap   total 317440K, used 242652K [0x0000000080000000, 0x0000000100000000)
  region size 1024K, 5 young (5120K), 5 survivors (5120K)
 Metaspace       used 126238K, capacity 130291K, committed 130512K, reserved 1163264K
  class space    used 16119K, capacity 17624K, committed 17696K, reserved 1048576K
}
Event: 33.105 GC heap before
{Heap before GC invocations=73 (full 0):
 garbage-first heap   total 317440K, used 275420K [0x0000000080000000, 0x0000000100000000)
  region size 1024K, 38 young (38912K), 5 survivors (5120K)
 Metaspace       used 126252K, capacity 130291K, committed 130512K, reserved 1163264K
  class space    used 16119K, capacity 17624K, committed 17696K, reserved 1048576K
}
Event: 33.110 GC heap after
{Heap after GC invocations=74 (full 0):
 garbage-first heap   total 317440K, used 243961K [0x0000000080000000, 0x0000000100000000)
  region size 1024K, 4 young (4096K), 4 survivors (4096K)
 Metaspace       used 126252K, capacity 130291K, committed 130512K, reserved 1163264K
  class space    used 16119K, capacity 17624K, committed 17696K, reserved 1048576K
}
Event: 33.151 GC heap before
{Heap before GC invocations=74 (full 0):
 garbage-first heap   total 317440K, used 254201K [0x0000000080000000, 0x0000000100000000)
  region size 1024K, 15 young (15360K), 4 survivors (4096K)
 Metaspace       used 126256K, capacity 130291K, committed 130512K, reserved 1163264K
  class space    used 16119K, capacity 17624K, committed 17696K, reserved 1048576K
}
Event: 33.155 GC heap after
{Heap after GC invocations=75 (full 0):
 garbage-first heap   total 317440K, used 243567K [0x0000000080000000, 0x0000000100000000)
  region size 1024K, 2 young (2048K), 2 survivors (2048K)
 Metaspace       used 126256K, capacity 130291K, committed 130512K, reserved 1163264K
  class space    used 16119K, capacity 17624K, committed 17696K, reserved 1048576K
}
Event: 33.321 GC heap before
{Heap before GC invocations=75 (full 0):
 garbage-first heap   total 317440K, used 274287K [0x0000000080000000, 0x0000000100000000)
  region size 1024K, 33 young (33792K), 2 survivors (2048K)
 Metaspace       used 126328K, capacity 130379K, committed 130512K, reserved 1163264K
  class space    used 16125K, capacity 17631K, committed 17696K, reserved 1048576K
}
Event: 33.328 GC heap after
{Heap after GC invocations=76 (full 0):
 garbage-first heap   total 317440K, used 245552K [0x0000000080000000, 0x0000000100000000)
  region size 1024K, 4 young (4096K), 4 survivors (4096K)
 Metaspace       used 126328K, capacity 130379K, committed 130512K, reserved 1163264K
  class space    used 16125K, capacity 17631K, committed 17696K, reserved 1048576K
}
Event: 33.661 GC heap before
{Heap before GC invocations=76 (full 0):
 garbage-first heap   total 317440K, used 276272K [0x0000000080000000, 0x0000000100000000)
  region size 1024K, 34 young (34816K), 4 survivors (4096K)
 Metaspace       used 126553K, capacity 130661K, committed 130896K, reserved 1163264K
  class space    used 16173K, capacity 17703K, committed 17824K, reserved 1048576K
}
Event: 33.671 GC heap after
{Heap after GC invocations=77 (full 0):
 garbage-first heap   total 317440K, used 247053K [0x0000000080000000, 0x0000000100000000)
  region size 1024K, 3 young (3072K), 3 survivors (3072K)
 Metaspace       used 126553K, capacity 130661K, committed 130896K, reserved 1163264K
  class space    used 16173K, capacity 17703K, committed 17824K, reserved 1048576K
}
Event: 33.848 GC heap before
{Heap before GC invocations=78 (full 0):
 garbage-first heap   total 317440K, used 276749K [0x0000000080000000, 0x0000000100000000)
  region size 1024K, 32 young (32768K), 3 survivors (3072K)
 Metaspace       used 126683K, capacity 130818K, committed 131152K, reserved 1163264K
  class space    used 16191K, capacity 17733K, committed 17824K, reserved 1048576K
}
Event: 33.858 GC heap after
{Heap after GC invocations=79 (full 0):
 garbage-first heap   total 317440K, used 249856K [0x0000000080000000, 0x0000000100000000)
  region size 1024K, 3 young (3072K), 3 survivors (3072K)
 Metaspace       used 126683K, capacity 130818K, committed 131152K, reserved 1163264K
  class space    used 16191K, capacity 17733K, committed 17824K, reserved 1048576K
}
Event: 33.951 GC heap before
{Heap before GC invocations=79 (full 0):
 garbage-first heap   total 317440K, used 262144K [0x0000000080000000, 0x0000000100000000)
  region size 1024K, 15 young (15360K), 3 survivors (3072K)
 Metaspace       used 126790K, capacity 130947K, committed 131152K, reserved 1163264K
  class space    used 16194K, capacity 17770K, committed 17824K, reserved 1048576K
}
Event: 33.964 GC heap after
{Heap after GC invocations=80 (full 0):
 garbage-first heap   total 317440K, used 243582K [0x0000000080000000, 0x0000000100000000)
  region size 1024K, 2 young (2048K), 2 survivors (2048K)
 Metaspace       used 126790K, capacity 130947K, committed 131152K, reserved 1163264K
  class space    used 16194K, capacity 17770K, committed 17824K, reserved 1048576K
}
Event: 34.123 GC heap before
{Heap before GC invocations=80 (full 0):
 garbage-first heap   total 317440K, used 274302K [0x0000000080000000, 0x0000000100000000)
  region size 1024K, 32 young (32768K), 2 survivors (2048K)
 Metaspace       used 126892K, capacity 131039K, committed 131152K, reserved 1163264K
  class space    used 16197K, capacity 17774K, committed 17824K, reserved 1048576K
}
Event: 34.140 GC heap after
{Heap after GC invocations=81 (full 0):
 garbage-first heap   total 394240K, used 246612K [0x0000000080000000, 0x0000000100000000)
  region size 1024K, 4 young (4096K), 4 survivors (4096K)
 Metaspace       used 126892K, capacity 131039K, committed 131152K, reserved 1163264K
  class space    used 16197K, capacity 17774K, committed 17824K, reserved 1048576K
}
Event: 35.183 GC heap before
{Heap before GC invocations=82 (full 0):
 garbage-first heap   total 394240K, used 304980K [0x0000000080000000, 0x0000000100000000)
  region size 1024K, 61 young (62464K), 4 survivors (4096K)
 Metaspace       used 127052K, capacity 131315K, committed 131408K, reserved 1163264K
  class space    used 16216K, capacity 17789K, committed 17824K, reserved 1048576K
}
Event: 35.270 GC heap after
{Heap after GC invocations=83 (full 0):
 garbage-first heap   total 394240K, used 252083K [0x0000000080000000, 0x0000000100000000)
  region size 1024K, 8 young (8192K), 8 survivors (8192K)
 Metaspace       used 127052K, capacity 131315K, committed 131408K, reserved 1163264K
  class space    used 16216K, capacity 17789K, committed 17824K, reserved 1048576K
}

