# JRE version: OpenJDK Runtime Environment (11.0.15) (build 11.0.15+0-b2043.56-9505619)
# Java VM: OpenJDK 64-Bit Server VM (11.0.15+0-b2043.56-9505619, mixed mode, tiered, compressed oops, g1 gc, windows-amd64)
Heap:
 garbage-first heap   total 264192K, used 173518K [0x0000000080000000, 0x0000000100000000)
  region size 1024K, 16 young (16384K), 5 survivors (5120K)
 Metaspace       used 93715K, capacity 96275K, committed 96336K, reserved 1132544K
  class space    used 12223K, capacity 13177K, committed 13216K, reserved 1048576K
GC Heap History (20 events):
Event: 13.133 GC heap before
{Heap before GC invocations=31 (full 0):
 garbage-first heap   total 220160K, used 118237K [0x0000000080000000, 0x0000000100000000)
  region size 1024K, 9 young (9216K), 3 survivors (3072K)
 Metaspace       used 67121K, capacity 69073K, committed 69328K, reserved 1110016K
  class space    used 8603K, capacity 9371K, committed 9504K, reserved 1048576K
}
Event: 13.142 GC heap after
{Heap after GC invocations=32 (full 0):
 garbage-first heap   total 220160K, used 114937K [0x0000000080000000, 0x0000000100000000)
  region size 1024K, 5 young (5120K), 5 survivors (5120K)
 Metaspace       used 67121K, capacity 69073K, committed 69328K, reserved 1110016K
  class space    used 8603K, capacity 9371K, committed 9504K, reserved 1048576K
}
Event: 14.205 GC heap before
{Heap before GC invocations=33 (full 0):
 garbage-first heap   total 220160K, used 162041K [0x0000000080000000, 0x0000000100000000)
  region size 1024K, 45 young (46080K), 5 survivors (5120K)
 Metaspace       used 69789K, capacity 71774K, committed 71888K, reserved 1112064K
  class space    used 8940K, capacity 9704K, committed 9760K, reserved 1048576K
}
Event: 14.212 GC heap after
{Heap after GC invocations=34 (full 0):
 garbage-first heap   total 220160K, used 115723K [0x0000000080000000, 0x0000000100000000)
  region size 1024K, 5 young (5120K), 5 survivors (5120K)
 Metaspace       used 69789K, capacity 71774K, committed 71888K, reserved 1112064K
  class space    used 8940K, capacity 9704K, committed 9760K, reserved 1048576K
}
Event: 14.412 GC heap before
{Heap before GC invocations=34 (full 0):
 garbage-first heap   total 220160K, used 130059K [0x0000000080000000, 0x0000000100000000)
  region size 1024K, 20 young (20480K), 5 survivors (5120K)
 Metaspace       used 70994K, capacity 72983K, committed 73040K, reserved 1112064K
  class space    used 9110K, capacity 9871K, committed 9888K, reserved 1048576K
}
Event: 14.417 GC heap after
{Heap after GC invocations=35 (full 0):
 garbage-first heap   total 220160K, used 117046K [0x0000000080000000, 0x0000000100000000)
  region size 1024K, 4 young (4096K), 4 survivors (4096K)
 Metaspace       used 70994K, capacity 72983K, committed 73040K, reserved 1112064K
  class space    used 9110K, capacity 9871K, committed 9888K, reserved 1048576K
}
Event: 15.172 GC heap before
{Heap before GC invocations=36 (full 0):
 garbage-first heap   total 220160K, used 163126K [0x0000000080000000, 0x0000000100000000)
  region size 1024K, 48 young (49152K), 4 survivors (4096K)
 Metaspace       used 72697K, capacity 74819K, committed 74960K, reserved 1114112K
  class space    used 9330K, capacity 10156K, committed 10272K, reserved 1048576K
}
Event: 15.182 GC heap after
{Heap after GC invocations=37 (full 0):
 garbage-first heap   total 220160K, used 119488K [0x0000000080000000, 0x0000000100000000)
  region size 1024K, 4 young (4096K), 4 survivors (4096K)
 Metaspace       used 72697K, capacity 74819K, committed 74960K, reserved 1114112K
  class space    used 9330K, capacity 10156K, committed 10272K, reserved 1048576K
}
Event: 15.959 GC heap before
{Heap before GC invocations=37 (full 0):
 garbage-first heap   total 220160K, used 166592K [0x0000000080000000, 0x0000000100000000)
  region size 1024K, 50 young (51200K), 4 survivors (4096K)
 Metaspace       used 77101K, capacity 79182K, committed 79440K, reserved 1118208K
  class space    used 10078K, capacity 10900K, committed 10912K, reserved 1048576K
}
Event: 15.968 GC heap after
{Heap after GC invocations=38 (full 0):
 garbage-first heap   total 220160K, used 121887K [0x0000000080000000, 0x0000000100000000)
  region size 1024K, 7 young (7168K), 7 survivors (7168K)
 Metaspace       used 77101K, capacity 79182K, committed 79440K, reserved 1118208K
  class space    used 10078K, capacity 10900K, committed 10912K, reserved 1048576K
}
Event: 16.546 GC heap before
{Heap before GC invocations=39 (full 0):
 garbage-first heap   total 220160K, used 152607K [0x0000000080000000, 0x0000000100000000)
  region size 1024K, 38 young (38912K), 7 survivors (7168K)
 Metaspace       used 80386K, capacity 82505K, committed 82768K, reserved 1120256K
  class space    used 10526K, capacity 11357K, committed 11424K, reserved 1048576K
}
Event: 16.565 GC heap after
{Heap after GC invocations=40 (full 0):
 garbage-first heap   total 220160K, used 123984K [0x0000000080000000, 0x0000000100000000)
  region size 1024K, 5 young (5120K), 5 survivors (5120K)
 Metaspace       used 80386K, capacity 82505K, committed 82768K, reserved 1120256K
  class space    used 10526K, capacity 11357K, committed 11424K, reserved 1048576K
}
Event: 17.446 GC heap before
{Heap before GC invocations=41 (full 0):
 garbage-first heap   total 220160K, used 200784K [0x0000000080000000, 0x0000000100000000)
  region size 1024K, 54 young (55296K), 5 survivors (5120K)
 Metaspace       used 82762K, capacity 85173K, committed 85456K, reserved 1122304K
  class space    used 10842K, capacity 11715K, committed 11808K, reserved 1048576K
}
Event: 17.459 GC heap after
{Heap after GC invocations=42 (full 0):
 garbage-first heap   total 264192K, used 158463K [0x0000000080000000, 0x0000000100000000)
  region size 1024K, 7 young (7168K), 7 survivors (7168K)
 Metaspace       used 82762K, capacity 85173K, committed 85456K, reserved 1122304K
  class space    used 10842K, capacity 11715K, committed 11808K, reserved 1048576K
}
Event: 17.874 GC heap before
{Heap before GC invocations=42 (full 0):
 garbage-first heap   total 264192K, used 210687K [0x0000000080000000, 0x0000000100000000)
  region size 1024K, 59 young (60416K), 7 survivors (7168K)
 Metaspace       used 84192K, capacity 86635K, committed 86736K, reserved 1124352K
  class space    used 11045K, capacity 11990K, committed 12064K, reserved 1048576K
}
Event: 17.882 GC heap after
{Heap after GC invocations=43 (full 0):
 garbage-first heap   total 264192K, used 160141K [0x0000000080000000, 0x0000000100000000)
  region size 1024K, 2 young (2048K), 2 survivors (2048K)
 Metaspace       used 84192K, capacity 86635K, committed 86736K, reserved 1124352K
  class space    used 11045K, capacity 11990K, committed 12064K, reserved 1048576K
}
Event: 18.415 GC heap before
{Heap before GC invocations=44 (full 0):
 garbage-first heap   total 264192K, used 211341K [0x0000000080000000, 0x0000000100000000)
  region size 1024K, 54 young (55296K), 2 survivors (2048K)
 Metaspace       used 86739K, capacity 89183K, committed 89296K, reserved 1126400K
  class space    used 11358K, capacity 12302K, committed 12320K, reserved 1048576K
}
Event: 18.421 GC heap after
{Heap after GC invocations=45 (full 0):
 garbage-first heap   total 264192K, used 162255K [0x0000000080000000, 0x0000000100000000)
  region size 1024K, 4 young (4096K), 4 survivors (4096K)
 Metaspace       used 86739K, capacity 89183K, committed 89296K, reserved 1126400K
  class space    used 11358K, capacity 12302K, committed 12320K, reserved 1048576K
}
Event: 19.441 GC heap before
{Heap before GC invocations=46 (full 0):
 garbage-first heap   total 264192K, used 217551K [0x0000000080000000, 0x0000000100000000)
  region size 1024K, 57 young (58368K), 4 survivors (4096K)
 Metaspace       used 91791K, capacity 94273K, committed 94544K, reserved 1130496K
  class space    used 11998K, capacity 12937K, committed 12960K, reserved 1048576K
}
Event: 19.452 GC heap after
{Heap after GC invocations=47 (full 0):
 garbage-first heap   total 264192K, used 163278K [0x0000000080000000, 0x0000000100000000)
  region size 1024K, 5 young (5120K), 5 survivors (5120K)
 Metaspace       used 91791K, capacity 94273K, committed 94544K, reserved 1130496K
  class space    used 11998K, capacity 12937K, committed 12960K, reserved 1048576K
}

