# JRE version: OpenJDK Runtime Environment (11.0.15) (build 11.0.15+0-b2043.56-9505619)
# Java VM: OpenJDK 64-Bit Server VM (11.0.15+0-b2043.56-9505619, mixed mode, tiered, compressed oops, g1 gc, windows-amd64)
Heap:
 garbage-first heap   total 266240K, used 175950K [0x0000000080000000, 0x0000000100000000)
  region size 1024K, 2 young (2048K), 2 survivors (2048K)
 Metaspace       used 109635K, capacity 112721K, committed 112976K, reserved 1146880K
  class space    used 14066K, capacity 15213K, committed 15264K, reserved 1048576K
GC Heap History (20 events):
Event: 37.421 GC heap after
{Heap after GC invocations=89 (full 0):
 garbage-first heap   total 221184K, used 173488K [0x0000000080000000, 0x0000000100000000)
  region size 1024K, 1 young (1024K), 1 survivors (1024K)
 Metaspace       used 101919K, capacity 104753K, committed 105040K, reserved 1140736K
  class space    used 13157K, capacity 14171K, committed 14240K, reserved 1048576K
}
Event: 37.540 GC heap before
{Heap before GC invocations=90 (full 0):
 garbage-first heap   total 221184K, used 193968K [0x0000000080000000, 0x0000000100000000)
  region size 1024K, 21 young (21504K), 1 survivors (1024K)
 Metaspace       used 101921K, capacity 104753K, committed 105040K, reserved 1140736K
  class space    used 13157K, capacity 14171K, committed 14240K, reserved 1048576K
}
Event: 37.541 GC heap after
{Heap after GC invocations=91 (full 0):
 garbage-first heap   total 221184K, used 173553K [0x0000000080000000, 0x0000000100000000)
  region size 1024K, 1 young (1024K), 1 survivors (1024K)
 Metaspace       used 101921K, capacity 104753K, committed 105040K, reserved 1140736K
  class space    used 13157K, capacity 14171K, committed 14240K, reserved 1048576K
}
Event: 37.738 GC heap before
{Heap before GC invocations=91 (full 0):
 garbage-first heap   total 221184K, used 195057K [0x0000000080000000, 0x0000000100000000)
  region size 1024K, 22 young (22528K), 1 survivors (1024K)
 Metaspace       used 101921K, capacity 104753K, committed 105040K, reserved 1140736K
  class space    used 13157K, capacity 14171K, committed 14240K, reserved 1048576K
}
Event: 37.740 GC heap after
{Heap after GC invocations=92 (full 0):
 garbage-first heap   total 221184K, used 173581K [0x0000000080000000, 0x0000000100000000)
  region size 1024K, 1 young (1024K), 1 survivors (1024K)
 Metaspace       used 101921K, capacity 104753K, committed 105040K, reserved 1140736K
  class space    used 13157K, capacity 14171K, committed 14240K, reserved 1048576K
}
Event: 38.270 GC heap before
{Heap before GC invocations=93 (full 0):
 garbage-first heap   total 221184K, used 195085K [0x0000000080000000, 0x0000000100000000)
  region size 1024K, 22 young (22528K), 1 survivors (1024K)
 Metaspace       used 101937K, capacity 104753K, committed 105040K, reserved 1140736K
  class space    used 13158K, capacity 14171K, committed 14240K, reserved 1048576K
}
Event: 38.272 GC heap after
{Heap after GC invocations=94 (full 0):
 garbage-first heap   total 221184K, used 173632K [0x0000000080000000, 0x0000000100000000)
  region size 1024K, 1 young (1024K), 1 survivors (1024K)
 Metaspace       used 101937K, capacity 104753K, committed 105040K, reserved 1140736K
  class space    used 13158K, capacity 14171K, committed 14240K, reserved 1048576K
}
Event: 38.525 GC heap before
{Heap before GC invocations=94 (full 0):
 garbage-first heap   total 221184K, used 195136K [0x0000000080000000, 0x0000000100000000)
  region size 1024K, 22 young (22528K), 1 survivors (1024K)
 Metaspace       used 101937K, capacity 104753K, committed 105040K, reserved 1140736K
  class space    used 13158K, capacity 14171K, committed 14240K, reserved 1048576K
}
Event: 38.527 GC heap after
{Heap after GC invocations=95 (full 0):
 garbage-first heap   total 221184K, used 173749K [0x0000000080000000, 0x0000000100000000)
  region size 1024K, 1 young (1024K), 1 survivors (1024K)
 Metaspace       used 101937K, capacity 104753K, committed 105040K, reserved 1140736K
  class space    used 13158K, capacity 14171K, committed 14240K, reserved 1048576K
}
Event: 38.667 GC heap before
{Heap before GC invocations=95 (full 0):
 garbage-first heap   total 221184K, used 195253K [0x0000000080000000, 0x0000000100000000)
  region size 1024K, 22 young (22528K), 1 survivors (1024K)
 Metaspace       used 101938K, capacity 104753K, committed 105040K, reserved 1140736K
  class space    used 13158K, capacity 14171K, committed 14240K, reserved 1048576K
}
Event: 38.669 GC heap after
{Heap after GC invocations=96 (full 0):
 garbage-first heap   total 221184K, used 173696K [0x0000000080000000, 0x0000000100000000)
  region size 1024K, 1 young (1024K), 1 survivors (1024K)
 Metaspace       used 101938K, capacity 104753K, committed 105040K, reserved 1140736K
  class space    used 13158K, capacity 14171K, committed 14240K, reserved 1048576K
}
Event: 39.499 GC heap before
{Heap before GC invocations=97 (full 0):
 garbage-first heap   total 221184K, used 195200K [0x0000000080000000, 0x0000000100000000)
  region size 1024K, 22 young (22528K), 1 survivors (1024K)
 Metaspace       used 104675K, capacity 107515K, committed 107728K, reserved 1142784K
  class space    used 13545K, capacity 14601K, committed 14624K, reserved 1048576K
}
Event: 39.506 GC heap after
{Heap after GC invocations=98 (full 0):
 garbage-first heap   total 221184K, used 172329K [0x0000000080000000, 0x0000000100000000)
  region size 1024K, 2 young (2048K), 2 survivors (2048K)
 Metaspace       used 104675K, capacity 107515K, committed 107728K, reserved 1142784K
  class space    used 13545K, capacity 14601K, committed 14624K, reserved 1048576K
}
Event: 40.260 GC heap before
{Heap before GC invocations=98 (full 0):
 garbage-first heap   total 221184K, used 193833K [0x0000000080000000, 0x0000000100000000)
  region size 1024K, 23 young (23552K), 2 survivors (2048K)
 Metaspace       used 107826K, capacity 110783K, committed 111056K, reserved 1144832K
  class space    used 13951K, capacity 15065K, committed 15136K, reserved 1048576K
}
Event: 40.267 GC heap after
{Heap after GC invocations=99 (full 0):
 garbage-first heap   total 221184K, used 173047K [0x0000000080000000, 0x0000000100000000)
  region size 1024K, 2 young (2048K), 2 survivors (2048K)
 Metaspace       used 107826K, capacity 110783K, committed 111056K, reserved 1144832K
  class space    used 13951K, capacity 15065K, committed 15136K, reserved 1048576K
}
Event: 41.201 GC heap before
{Heap before GC invocations=100 (full 0):
 garbage-first heap   total 221184K, used 193443K [0x0000000080000000, 0x0000000100000000)
  region size 1024K, 23 young (23552K), 2 survivors (2048K)
 Metaspace       used 109356K, capacity 112383K, committed 112464K, reserved 1146880K
  class space    used 14059K, capacity 15201K, committed 15264K, reserved 1048576K
}
Event: 41.213 GC heap after
{Heap after GC invocations=101 (full 0):
 garbage-first heap   total 221184K, used 174712K [0x0000000080000000, 0x0000000100000000)
  region size 1024K, 3 young (3072K), 3 survivors (3072K)
 Metaspace       used 109356K, capacity 112383K, committed 112464K, reserved 1146880K
  class space    used 14059K, capacity 15201K, committed 15264K, reserved 1048576K
}
Event: 42.567 GC heap before
{Heap before GC invocations=101 (full 0):
 garbage-first heap   total 221184K, used 193144K [0x0000000080000000, 0x0000000100000000)
  region size 1024K, 22 young (22528K), 3 survivors (3072K)
 Metaspace       used 109563K, capacity 112651K, committed 112720K, reserved 1146880K
  class space    used 14065K, capacity 15212K, committed 15264K, reserved 1048576K
}
Event: 42.577 GC heap after
{Heap after GC invocations=102 (full 0):
 garbage-first heap   total 221184K, used 175379K [0x0000000080000000, 0x0000000100000000)
  region size 1024K, 1 young (1024K), 1 survivors (1024K)
 Metaspace       used 109563K, capacity 112651K, committed 112720K, reserved 1146880K
  class space    used 14065K, capacity 15212K, committed 15264K, reserved 1048576K
}
Event: 44.189 GC heap before
{Heap before GC invocations=103 (full 0):
 garbage-first heap   total 221184K, used 192787K [0x0000000080000000, 0x0000000100000000)
  region size 1024K, 19 young (19456K), 1 survivors (1024K)
 Metaspace       used 109635K, capacity 112721K, committed 112976K, reserved 1146880K
  class space    used 14066K, capacity 15213K, committed 15264K, reserved 1048576K
}

