# JRE version: OpenJDK Runtime Environment (11.0.15) (build 11.0.15+0-b2043.56-9505619)
# Java VM: OpenJDK 64-Bit Server VM (11.0.15+0-b2043.56-9505619, mixed mode, tiered, compressed oops, g1 gc, windows-amd64)
Heap:
 garbage-first heap   total 520192K, used 295396K [0x0000000080000000, 0x0000000100000000)
  region size 1024K, 5 young (5120K), 5 survivors (5120K)
 Metaspace       used 150631K, capacity 155125K, committed 155344K, reserved 1183744K
  class space    used 18955K, capacity 20581K, committed 20608K, reserved 1048576K
GC Heap History (20 events):
Event: 1867.846 GC heap after
{Heap after GC invocations=117 (full 0):
 garbage-first heap   total 308224K, used 261624K [0x0000000080000000, 0x0000000100000000)
  region size 1024K, 2 young (2048K), 2 survivors (2048K)
 Metaspace       used 147218K, capacity 151605K, committed 151888K, reserved 1181696K
  class space    used 18549K, capacity 20144K, committed 20224K, reserved 1048576K
}
Event: 1867.994 GC heap before
{Heap before GC invocations=118 (full 0):
 garbage-first heap   total 308224K, used 273912K [0x0000000080000000, 0x0000000100000000)
  region size 1024K, 15 young (15360K), 2 survivors (2048K)
 Metaspace       used 147501K, capacity 151932K, committed 152144K, reserved 1181696K
  class space    used 18584K, capacity 20213K, committed 20224K, reserved 1048576K
}
Event: 1868.005 GC heap after
{Heap after GC invocations=119 (full 0):
 garbage-first heap   total 308224K, used 265542K [0x0000000080000000, 0x0000000100000000)
  region size 1024K, 2 young (2048K), 2 survivors (2048K)
 Metaspace       used 147501K, capacity 151932K, committed 152144K, reserved 1181696K
  class space    used 18584K, capacity 20213K, committed 20224K, reserved 1048576K
}
Event: 1868.149 GC heap before
{Heap before GC invocations=119 (full 0):
 garbage-first heap   total 308224K, used 277830K [0x0000000080000000, 0x0000000100000000)
  region size 1024K, 15 young (15360K), 2 survivors (2048K)
 Metaspace       used 147623K, capacity 152060K, committed 152144K, reserved 1181696K
  class space    used 18596K, capacity 20213K, committed 20224K, reserved 1048576K
}
Event: 1868.159 GC heap after
{Heap after GC invocations=120 (full 0):
 garbage-first heap   total 308224K, used 264905K [0x0000000080000000, 0x0000000100000000)
  region size 1024K, 2 young (2048K), 2 survivors (2048K)
 Metaspace       used 147623K, capacity 152060K, committed 152144K, reserved 1181696K
  class space    used 18596K, capacity 20213K, committed 20224K, reserved 1048576K
}
Event: 1868.349 GC heap before
{Heap before GC invocations=120 (full 0):
 garbage-first heap   total 308224K, used 271049K [0x0000000080000000, 0x0000000100000000)
  region size 1024K, 10 young (10240K), 2 survivors (2048K)
 Metaspace       used 147758K, capacity 152220K, committed 152528K, reserved 1181696K
  class space    used 18606K, capacity 20245K, committed 20352K, reserved 1048576K
}
Event: 1868.359 GC heap after
{Heap after GC invocations=121 (full 0):
 garbage-first heap   total 308224K, used 267480K [0x0000000080000000, 0x0000000100000000)
  region size 1024K, 2 young (2048K), 2 survivors (2048K)
 Metaspace       used 147758K, capacity 152220K, committed 152528K, reserved 1181696K
  class space    used 18606K, capacity 20245K, committed 20352K, reserved 1048576K
}
Event: 1869.402 GC heap before
{Heap before GC invocations=122 (full 0):
 garbage-first heap   total 308224K, used 287960K [0x0000000080000000, 0x0000000100000000)
  region size 1024K, 15 young (15360K), 2 survivors (2048K)
 Metaspace       used 147823K, capacity 152263K, committed 152528K, reserved 1181696K
  class space    used 18615K, capacity 20258K, committed 20352K, reserved 1048576K
}
Event: 1869.430 GC heap after
{Heap after GC invocations=123 (full 0):
 garbage-first heap   total 308224K, used 270079K [0x0000000080000000, 0x0000000100000000)
  region size 1024K, 2 young (2048K), 2 survivors (2048K)
 Metaspace       used 147823K, capacity 152263K, committed 152528K, reserved 1181696K
  class space    used 18615K, capacity 20258K, committed 20352K, reserved 1048576K
}
Event: 1869.788 GC heap before
{Heap before GC invocations=123 (full 0):
 garbage-first heap   total 308224K, used 283391K [0x0000000080000000, 0x0000000100000000)
  region size 1024K, 15 young (15360K), 2 survivors (2048K)
 Metaspace       used 147849K, capacity 152327K, committed 152528K, reserved 1181696K
  class space    used 18615K, capacity 20258K, committed 20352K, reserved 1048576K
}
Event: 1869.817 GC heap after
{Heap after GC invocations=124 (full 0):
 garbage-first heap   total 308224K, used 268679K [0x0000000080000000, 0x0000000100000000)
  region size 1024K, 2 young (2048K), 2 survivors (2048K)
 Metaspace       used 147849K, capacity 152327K, committed 152528K, reserved 1181696K
  class space    used 18615K, capacity 20258K, committed 20352K, reserved 1048576K
}
Event: 1870.237 GC heap before
{Heap before GC invocations=124 (full 0):
 garbage-first heap   total 308224K, used 281991K [0x0000000080000000, 0x0000000100000000)
  region size 1024K, 15 young (15360K), 2 survivors (2048K)
 Metaspace       used 147885K, capacity 152327K, committed 152528K, reserved 1181696K
  class space    used 18615K, capacity 20258K, committed 20352K, reserved 1048576K
}
Event: 1870.263 GC heap after
{Heap after GC invocations=125 (full 0):
 garbage-first heap   total 393216K, used 272682K [0x0000000080000000, 0x0000000100000000)
  region size 1024K, 2 young (2048K), 2 survivors (2048K)
 Metaspace       used 147885K, capacity 152327K, committed 152528K, reserved 1181696K
  class space    used 18615K, capacity 20258K, committed 20352K, reserved 1048576K
}
Event: 1871.574 GC heap before
{Heap before GC invocations=126 (full 0):
 garbage-first heap   total 393216K, used 304426K [0x0000000080000000, 0x0000000100000000)
  region size 1024K, 33 young (33792K), 2 survivors (2048K)
 Metaspace       used 150090K, capacity 154560K, committed 154832K, reserved 1183744K
  class space    used 18912K, capacity 20533K, committed 20608K, reserved 1048576K
}
Event: 1871.593 GC heap after
{Heap after GC invocations=127 (full 0):
 garbage-first heap   total 393216K, used 274647K [0x0000000080000000, 0x0000000100000000)
  region size 1024K, 4 young (4096K), 4 survivors (4096K)
 Metaspace       used 150090K, capacity 154560K, committed 154832K, reserved 1183744K
  class space    used 18912K, capacity 20533K, committed 20608K, reserved 1048576K
}
Event: 1871.903 GC heap before
{Heap before GC invocations=127 (full 0):
 garbage-first heap   total 393216K, used 291031K [0x0000000080000000, 0x0000000100000000)
  region size 1024K, 22 young (22528K), 4 survivors (4096K)
 Metaspace       used 150169K, capacity 154625K, committed 154832K, reserved 1183744K
  class space    used 18920K, capacity 20533K, committed 20608K, reserved 1048576K
}
Event: 1871.931 GC heap after
{Heap after GC invocations=128 (full 0):
 garbage-first heap   total 393216K, used 284672K [0x0000000080000000, 0x0000000100000000)
  region size 1024K, 5 young (5120K), 5 survivors (5120K)
 Metaspace       used 150169K, capacity 154625K, committed 154832K, reserved 1183744K
  class space    used 18920K, capacity 20533K, committed 20608K, reserved 1048576K
}
Event: 1872.939 GC heap before
{Heap before GC invocations=128 (full 0):
 garbage-first heap   total 393216K, used 344064K [0x0000000080000000, 0x0000000100000000)
  region size 1024K, 34 young (34816K), 5 survivors (5120K)
 Metaspace       used 150435K, capacity 154918K, committed 155088K, reserved 1183744K
  class space    used 18940K, capacity 20577K, committed 20608K, reserved 1048576K
}
Event: 1872.970 GC heap after
{Heap after GC invocations=129 (full 0):
 garbage-first heap   total 393216K, used 289389K [0x0000000080000000, 0x0000000100000000)
  region size 1024K, 5 young (5120K), 5 survivors (5120K)
 Metaspace       used 150435K, capacity 154918K, committed 155088K, reserved 1183744K
  class space    used 18940K, capacity 20577K, committed 20608K, reserved 1048576K
}
Event: 1873.292 GC heap before
{Heap before GC invocations=130 (full 0):
 garbage-first heap   total 393216K, used 318061K [0x0000000080000000, 0x0000000100000000)
  region size 1024K, 34 young (34816K), 5 survivors (5120K)
 Metaspace       used 150631K, capacity 155125K, committed 155344K, reserved 1183744K
  class space    used 18955K, capacity 20581K, committed 20608K, reserved 1048576K
}

